           6
           1   3.8310938278227589       -19.012147595738739     
 C    4.1050735236682697E-008  -4.4191944104217106E-008   1.7721549533668476E-008
 H    4.5191268942538519E-002 -0.98079685525304439       0.47842853782774813     
 H  -0.84883735086005241       0.56040120843500785       0.39790162700861342     
 H  -0.12021342787794306      -0.12607074753735853       -1.0782187419520737     
 H   0.92385902101136974       0.54646692054131984       0.20188836610825095     
 He   3.8310714550725997       -0.0000000000000000        0.0000000000000000     
           6
           2   3.7352686035835769       -21.151404193075873     
 C   -5.1191894655672950E-008  -3.0457543272131811E-008   2.0096568971977211E-008
 H  -0.73657990325707767      -0.73834421128831662      -0.32434003706869585     
 H   0.34807137364019419       0.57072365814784820      -0.86372500964670240     
 H   0.84669602291507862      -0.51016203460362586       0.46447960165370378     
 H  -0.45818688376505590       0.67778295039685565       0.72358520577528318     
 He   3.7349884636808572        0.0000000000000000        0.0000000000000000     
           6
           3   3.5988571269494072       -24.321218553041085     
 C   -1.4405936275278506E-008   1.9930156227861201E-008  -5.7856736667586055E-008
 H  -0.19730420312301489      -0.37338498518960916       -1.0072503621919642     
 H   0.70402318164913202      -0.66596117202109806       0.50373320762835261     
 H  -0.93437857885946674        3.6199284327040199E-002  0.56438199856682125     
 H   0.42765977186237025        1.0031466355787035       -6.0864155112936018E-002
 He   3.5988488025049516       -0.0000000000000000        0.0000000000000000     
