 ---------------------------
 OneDMin
 Ahren W. Jasper, Kevin B. Moore III
 Argonne National Laboratory
 ---------------------------

 Job Parameters:
 RANSEED =    153214316
 TARGET GEOMS: NUMBER =            1 , FILE = target.xyz      
 BATH GEOMS:   NUMBER =            1 , FILE = bath.xyz        
 SAMPLES =            3
 S range =    2.0000000000000000        5.0000000000000000       A
 R range =    2.2449240966187460        5.6123102415468651       A
 Spin method =            1


 Calculating Energy at Infinite Separation...
 Energy (in Eh) will be written to zero.ene


 Calculating Sigma and Epsilon for each orientation...

 ORIENTATION           1

 Finding distance R for bottom of well [min(V(R))]
 Step               R            V(R)
    1      4.14479078    -35.39029342
    2      4.27373264   -143.66395373
    3      4.34983847   -163.13835646
    4      4.36140374   -165.99963405
    5      4.35994416   -166.03553813
    6      4.36009981   -166.03606487
 Found R where V(R) is minimized!!!

 Finding distance R where V(R) = 0:
 Step               R            V(R)
    1      3.88988834      5.61987025
    2      3.88995893      0.07060674
 R where V(R)=0 found!!!

Writing Epsilon =   166.03606487 to lj.out.
Writing Sigma =       3.88995893 to lj.out.


 ORIENTATION           2

 Finding distance R for bottom of well [min(V(R))]
 Step               R            V(R)
    1      3.99066516   -200.48367151
    2      3.99877497   -203.20272098
    3      3.99827822   -203.23182442
 Found R where V(R) is minimized!!!

 Finding distance R where V(R) = 0:
 Step               R            V(R)
    1      3.56555076      4.59823800
    2      3.56557951      0.03725844
 R where V(R)=0 found!!!

Writing Epsilon =   203.23182442 to lj.out.
Writing Sigma =       3.56557951 to lj.out.


 ORIENTATION           3

 Finding distance R for bottom of well [min(V(R))]
 Step               R            V(R)
    1      4.02272685   -191.65054913
    2      4.04509166   -198.88887250
    3      4.04405652   -199.10384460
    4      4.04400541   -199.10433667
 Found R where V(R) is minimized!!!

 Finding distance R where V(R) = 0:
 Step               R            V(R)
    1      3.59614861     -7.94988404
    2      3.59624832      0.12284719
 R where V(R)=0 found!!!

Writing Epsilon =   199.10433667 to lj.out.
Writing Sigma =       3.59624832 to lj.out.


 Finished sampling desired number of orientatoons
 Exiting OneDMin...
