           6
           1   3.8932614296745700       -17.886161268181048     
 C    6.1464054012062912E-008   7.1474532556257140E-009  -1.1100814448390425E-008
 H   0.96688262863199093       -1.6162020490213883E-002  0.50771582545185734     
 H  -0.76986380490914796       0.34454611313503425       0.69390040007264731     
 H  -0.24610874733510077       -1.0061074211765557      -0.34652431179083859     
 H    4.9089191770273086E-002  0.67772324342823109      -0.85509178155816590     
 He   3.8932238858119703        0.0000000000000000        0.0000000000000000     
           6
           2   4.0587607267602737       -15.234534351826904     
 C   -3.9774122512136153E-008  -4.7239018040513582E-008  -1.1774483343839466E-008
 H  -0.19272426866293313       -1.0409651443281747       0.26860288984494507     
 H    1.0732042141784488       0.19637316345929337        5.0698745045992179E-002
 H  -0.52391012209437660       0.65861515038334006       0.69616450985100597     
 H  -0.35656934983746086       0.18597739295245402       -1.0154660045451827     
 He   4.0587340804225347        0.0000000000000000        0.0000000000000000     
           6
           3   3.9048702835167610       -17.730996817700881     
 C    4.4578450396402481E-008  -2.9750112261556139E-008   3.2860868608985776E-008
 H   0.97466050111268587      -0.47773650276176971      -0.12125728584549907     
 H  -0.57906060757149669      -0.11584988941686104      -0.91878598339747231     
 H   0.13910316781039614        1.0625309267096257       0.21113762245086129     
 H  -0.53470359213957408      -0.46894418030149354       0.82890525552336469     
 He   3.9048630492837160        0.0000000000000000        0.0000000000000000     
